C:\USERS\MRANOIMUS\DESKTOP\STUDIOPROJECT4\SP4_FRAMEWORK\BIN\DEBUG\PROJECT.EXE
C:\USERS\MRANOIMUS\DESKTOP\STUDIOPROJECT4\SP4_FRAMEWORK\BIN\DEBUG\PROJECT.ILK
C:\USERS\MRANOIMUS\DESKTOP\STUDIOPROJECT4\SP4_FRAMEWORK\BIN\DEBUG\PROJECT.PDB
C:\USERS\MRANOIMUS\DESKTOP\STUDIOPROJECT4\SP4_FRAMEWORK\OBJ\CAMERA.OBJ
C:\USERS\MRANOIMUS\DESKTOP\STUDIOPROJECT4\SP4_FRAMEWORK\OBJ\CITIZEN.OBJ
C:\Users\MrAnoimus\Desktop\StudioProject4\SP4_FrameWork\obj\cl.command.1.tlog
C:\Users\MrAnoimus\Desktop\StudioProject4\SP4_FrameWork\obj\CL.read.1.tlog
C:\Users\MrAnoimus\Desktop\StudioProject4\SP4_FrameWork\obj\CL.write.1.tlog
C:\USERS\MRANOIMUS\DESKTOP\STUDIOPROJECT4\SP4_FRAMEWORK\OBJ\FREETYPE.OBJ
C:\USERS\MRANOIMUS\DESKTOP\STUDIOPROJECT4\SP4_FRAMEWORK\OBJ\GAMESTATEMANAGER.OBJ
C:\USERS\MRANOIMUS\DESKTOP\STUDIOPROJECT4\SP4_FRAMEWORK\OBJ\INTROSTATE.OBJ
C:\Users\MrAnoimus\Desktop\StudioProject4\SP4_FrameWork\obj\link.6512.read.1.tlog
C:\Users\MrAnoimus\Desktop\StudioProject4\SP4_FrameWork\obj\link.6512.write.1.tlog
C:\Users\MrAnoimus\Desktop\StudioProject4\SP4_FrameWork\obj\link.6512-cvtres.read.1.tlog
C:\Users\MrAnoimus\Desktop\StudioProject4\SP4_FrameWork\obj\link.6512-cvtres.write.1.tlog
C:\Users\MrAnoimus\Desktop\StudioProject4\SP4_FrameWork\obj\link.command.1.tlog
C:\Users\MrAnoimus\Desktop\StudioProject4\SP4_FrameWork\obj\link.read.1.tlog
C:\Users\MrAnoimus\Desktop\StudioProject4\SP4_FrameWork\obj\link.write.1.tlog
C:\Users\MrAnoimus\Desktop\StudioProject4\SP4_FrameWork\obj\link-cvtres.read.1.tlog
C:\Users\MrAnoimus\Desktop\StudioProject4\SP4_FrameWork\obj\link-cvtres.write.1.tlog
C:\USERS\MRANOIMUS\DESKTOP\STUDIOPROJECT4\SP4_FRAMEWORK\OBJ\LOADTGA.OBJ
C:\USERS\MRANOIMUS\DESKTOP\STUDIOPROJECT4\SP4_FRAMEWORK\OBJ\MAIN.OBJ
C:\Users\MrAnoimus\Desktop\StudioProject4\SP4_FrameWork\obj\mt.command.1.tlog
C:\Users\MrAnoimus\Desktop\StudioProject4\SP4_FrameWork\obj\mt.read.1.tlog
C:\Users\MrAnoimus\Desktop\StudioProject4\SP4_FrameWork\obj\mt.write.1.tlog
C:\USERS\MRANOIMUS\DESKTOP\STUDIOPROJECT4\SP4_FRAMEWORK\OBJ\PLAYSTATE.OBJ
C:\USERS\MRANOIMUS\DESKTOP\STUDIOPROJECT4\SP4_FRAMEWORK\OBJ\PROJECT.EXE.EMBED.MANIFEST
C:\USERS\MRANOIMUS\DESKTOP\STUDIOPROJECT4\SP4_FRAMEWORK\OBJ\PROJECT.EXE.EMBED.MANIFEST.RES
C:\USERS\MRANOIMUS\DESKTOP\STUDIOPROJECT4\SP4_FRAMEWORK\OBJ\PROJECT.EXE.INTERMEDIATE.MANIFEST
C:\Users\MrAnoimus\Desktop\StudioProject4\SP4_FrameWork\obj\Project.write.1.tlog
C:\Users\MrAnoimus\Desktop\StudioProject4\SP4_FrameWork\obj\Project_manifest.rc
C:\Users\MrAnoimus\Desktop\StudioProject4\SP4_FrameWork\obj\rc.command.1.tlog
C:\Users\MrAnoimus\Desktop\StudioProject4\SP4_FrameWork\obj\rc.read.1.tlog
C:\Users\MrAnoimus\Desktop\StudioProject4\SP4_FrameWork\obj\rc.write.1.tlog
C:\USERS\MRANOIMUS\DESKTOP\STUDIOPROJECT4\SP4_FRAMEWORK\OBJ\TILE.OBJ
C:\Users\MrAnoimus\Desktop\StudioProject4\SP4_FrameWork\obj\vc100.idb
C:\USERS\MRANOIMUS\DESKTOP\STUDIOPROJECT4\SP4_FRAMEWORK\OBJ\VC100.PDB
