Build started 2/17/2015 2:51:07 PM.
     1>Project "C:\Users\310\Desktop\New folder (6)\Project\Project.vcxproj" on node 2 (build target(s)).
     1>InitializeBuildStatus:
         Creating "C:\Users\310\Desktop\New folder (6)\obj\Project.unsuccessfulbuild" because "AlwaysCreate" was specified.
       ClCompile:
         c:\Program Files (x86)\Microsoft Visual Studio 10.0\VC\bin\CL.exe /c /I"C:\Users\310\Desktop\New folder (6)\include" /ZI /nologo /W3 /WX- /Od /Oy- /D _MBCS /Gm /EHsc /RTC1 /MDd /GS /fp:precise /Zc:wchar_t /Zc:forScope /Fo"C:\Users\310\Desktop\New folder (6)\obj\\" /Fd"C:\Users\310\Desktop\New folder (6)\obj\vc100.pdb" /Gd /TP /analyze- /errorReport:prompt SettingState.cpp
         SettingState.cpp
     1>c:\users\310\desktop\new folder (6)\project\settingstate.cpp(90): warning C4800: 'int' : forcing value to bool 'true' or 'false' (performance warning)
     1>c:\users\310\desktop\new folder (6)\project\settingstate.cpp(136): warning C4305: 'return' : truncation from 'int' to 'bool'
     1>c:\users\310\desktop\new folder (6)\project\settingstate.cpp(288): warning C4305: 'argument' : truncation from 'double' to 'GLfloat'
     1>c:\users\310\desktop\new folder (6)\project\settingstate.cpp(288): warning C4305: 'argument' : truncation from 'double' to 'GLfloat'
     1>c:\users\310\desktop\new folder (6)\project\settingstate.cpp(304): warning C4305: 'argument' : truncation from 'double' to 'GLfloat'
     1>c:\users\310\desktop\new folder (6)\project\settingstate.cpp(304): warning C4305: 'argument' : truncation from 'double' to 'GLfloat'
     1>c:\users\310\desktop\new folder (6)\project\settingstate.cpp(313): warning C4305: 'argument' : truncation from 'double' to 'GLfloat'
     1>c:\users\310\desktop\new folder (6)\project\settingstate.cpp(320): warning C4305: 'argument' : truncation from 'double' to 'GLfloat'
     1>c:\users\310\desktop\new folder (6)\project\settingstate.cpp(327): warning C4305: 'argument' : truncation from 'double' to 'GLfloat'
     1>c:\users\310\desktop\new folder (6)\project\settingstate.cpp(334): warning C4305: 'argument' : truncation from 'double' to 'GLfloat'
     1>c:\users\310\desktop\new folder (6)\project\settingstate.cpp(341): warning C4305: 'argument' : truncation from 'double' to 'GLfloat'
     1>c:\users\310\desktop\new folder (6)\project\settingstate.cpp(414): warning C4996: 'fopen': This function or variable may be unsafe. Consider using fopen_s instead. To disable deprecation, use _CRT_SECURE_NO_WARNINGS. See online help for details.
                 c:\program files (x86)\microsoft visual studio 10.0\vc\include\stdio.h(234) : see declaration of 'fopen'
     1>c:\users\310\desktop\new folder (6)\project\settingstate.cpp(510): warning C4305: 'argument' : truncation from 'double' to 'GLfloat'
     1>c:\users\310\desktop\new folder (6)\project\settingstate.cpp(517): warning C4305: 'argument' : truncation from 'double' to 'GLfloat'
     1>c:\users\310\desktop\new folder (6)\project\settingstate.cpp(524): warning C4305: 'argument' : truncation from 'double' to 'GLfloat'
     1>c:\users\310\desktop\new folder (6)\project\settingstate.cpp(531): warning C4305: 'argument' : truncation from 'double' to 'GLfloat'
     1>c:\users\310\desktop\new folder (6)\project\settingstate.cpp(538): warning C4305: 'argument' : truncation from 'double' to 'GLfloat'
     1>c:\users\310\desktop\new folder (6)\project\settingstate.cpp(548): warning C4305: 'argument' : truncation from 'double' to 'GLfloat'
     1>c:\users\310\desktop\new folder (6)\project\settingstate.cpp(555): warning C4305: 'argument' : truncation from 'double' to 'GLfloat'
     1>c:\users\310\desktop\new folder (6)\project\settingstate.cpp(562): warning C4305: 'argument' : truncation from 'double' to 'GLfloat'
     1>c:\users\310\desktop\new folder (6)\project\settingstate.cpp(569): warning C4305: 'argument' : truncation from 'double' to 'GLfloat'
     1>c:\users\310\desktop\new folder (6)\project\settingstate.cpp(579): warning C4305: 'argument' : truncation from 'double' to 'GLfloat'
     1>c:\users\310\desktop\new folder (6)\project\settingstate.cpp(586): warning C4305: 'argument' : truncation from 'double' to 'GLfloat'
     1>c:\users\310\desktop\new folder (6)\project\settingstate.cpp(593): warning C4305: 'argument' : truncation from 'double' to 'GLfloat'
     1>c:\users\310\desktop\new folder (6)\project\settingstate.cpp(603): warning C4305: 'argument' : truncation from 'double' to 'GLfloat'
     1>c:\users\310\desktop\new folder (6)\project\settingstate.cpp(610): warning C4305: 'argument' : truncation from 'double' to 'GLfloat'
     1>c:\users\310\desktop\new folder (6)\project\settingstate.cpp(621): warning C4305: 'argument' : truncation from 'double' to 'GLfloat'
       ManifestResourceCompile:
         All outputs are up-to-date.
       Link:
         c:\Program Files (x86)\Microsoft Visual Studio 10.0\VC\bin\link.exe /ERRORREPORT:PROMPT /OUT:"C:\Users\310\Desktop\New folder (6)\bin\Debug\Project.exe" /INCREMENTAL /NOLOGO /LIBPATH:"C:\Users\310\Desktop\New folder (6)\lib" lua5.1.lib libfreetype.lib freeglut.lib winmm.lib irrklang.lib kernel32.lib user32.lib gdi32.lib winspool.lib comdlg32.lib advapi32.lib shell32.lib ole32.lib oleaut32.lib uuid.lib odbc32.lib odbccp32.lib /MANIFEST /ManifestFile:"C:\Users\310\Desktop\New folder (6)\obj\Project.exe.intermediate.manifest" /MANIFESTUAC:"level='asInvoker' uiAccess='false'" /DEBUG /PDB:"C:\Users\310\Desktop\New folder (6)\bin\Debug\Project.pdb" /TLBID:1 /DYNAMICBASE /NXCOMPAT /IMPLIB:"C:\Users\310\Desktop\New folder (6)\bin\Debug\Project.lib" /MACHINE:X86 "C:\Users\310\Desktop\New folder (6)\obj\Project.exe.embed.manifest.res"
         "C:\Users\310\Desktop\New folder (6)\obj\Camera.obj"
         "C:\Users\310\Desktop\New folder (6)\obj\Citizen.obj"
         "C:\Users\310\Desktop\New folder (6)\obj\FreeType.obj"
         "C:\Users\310\Desktop\New folder (6)\obj\GameStateManager.obj"
         "C:\Users\310\Desktop\New folder (6)\obj\IntroState.obj"
         "C:\Users\310\Desktop\New folder (6)\obj\LoadTGA.obj"
         "C:\Users\310\Desktop\New folder (6)\obj\main.obj"
         "C:\Users\310\Desktop\New folder (6)\obj\PlayState.obj"
         "C:\Users\310\Desktop\New folder (6)\obj\ResultState.obj"
         "C:\Users\310\Desktop\New folder (6)\obj\SettingState.obj"
         "C:\Users\310\Desktop\New folder (6)\obj\Tile.obj"
       Manifest:
         C:\Program Files (x86)\Microsoft SDKs\Windows\v7.0A\bin\mt.exe /nologo /verbose /out:"C:\Users\310\Desktop\New folder (6)\obj\Project.exe.embed.manifest" /manifest "C:\Users\310\Desktop\New folder (6)\obj\Project.exe.intermediate.manifest"
         All outputs are up-to-date.
       LinkEmbedManifest:
         All outputs are up-to-date.
         Project.vcxproj -> C:\Users\310\Desktop\New folder (6)\bin\Debug\Project.exe
       FinalizeBuildStatus:
         Deleting file "C:\Users\310\Desktop\New folder (6)\obj\Project.unsuccessfulbuild".
         Touching "C:\Users\310\Desktop\New folder (6)\obj\Project.lastbuildstate".
     1>Done Building Project "C:\Users\310\Desktop\New folder (6)\Project\Project.vcxproj" (build target(s)).

Build succeeded.

Time Elapsed 00:00:01.18
