Build started 16/2/2015 9:57:53 AM.
     1>Project "C:\Users\MrAnoimus\Desktop\SP4\SP4_FrameWork\Project\Project.vcxproj" on node 2 (build target(s)).
     1>InitializeBuildStatus:
         Creating "C:\Users\MrAnoimus\Desktop\SP4\SP4_FrameWork\obj\Project.unsuccessfulbuild" because "AlwaysCreate" was specified.
       ClCompile:
         C:\Program Files (x86)\Microsoft Visual Studio 10.0\VC\bin\CL.exe /c /IC:\Users\MrAnoimus\Desktop\SP4\SP4_FrameWork\include /ZI /nologo /W3 /WX- /Od /Oy- /D _MBCS /Gm /EHsc /RTC1 /MDd /GS /fp:precise /Zc:wchar_t /Zc:forScope /Fo"C:\Users\MrAnoimus\Desktop\SP4\SP4_FrameWork\obj\\" /Fd"C:\Users\MrAnoimus\Desktop\SP4\SP4_FrameWork\obj\vc100.pdb" /Gd /TP /analyze- /errorReport:prompt PlayState.cpp
         PlayState.cpp
     1>c:\users\mranoimus\desktop\sp4\sp4_framework\project\playstate.cpp(72): warning C4800: 'int' : forcing value to bool 'true' or 'false' (performance warning)
     1>c:\users\mranoimus\desktop\sp4\sp4_framework\project\playstate.cpp(80): warning C4800: 'int' : forcing value to bool 'true' or 'false' (performance warning)
     1>c:\users\mranoimus\desktop\sp4\sp4_framework\project\playstate.cpp(197): warning C4244: 'argument' : conversion from 'int' to 'GLfloat', possible loss of data
     1>c:\users\mranoimus\desktop\sp4\sp4_framework\project\playstate.cpp(197): warning C4244: 'argument' : conversion from 'int' to 'GLfloat', possible loss of data
     1>c:\users\mranoimus\desktop\sp4\sp4_framework\project\playstate.cpp(197): warning C4244: 'argument' : conversion from 'int' to 'GLfloat', possible loss of data
     1>c:\users\mranoimus\desktop\sp4\sp4_framework\project\playstate.cpp(264): warning C4996: 'fopen': This function or variable may be unsafe. Consider using fopen_s instead. To disable deprecation, use _CRT_SECURE_NO_WARNINGS. See online help for details.
                 c:\program files (x86)\microsoft visual studio 10.0\vc\include\stdio.h(234) : see declaration of 'fopen'
       ManifestResourceCompile:
         All outputs are up-to-date.
       Link:
         C:\Program Files (x86)\Microsoft Visual Studio 10.0\VC\bin\link.exe /ERRORREPORT:PROMPT /OUT:"C:\Users\MrAnoimus\Desktop\SP4\SP4_FrameWork\bin\Debug\Project.exe" /INCREMENTAL /NOLOGO /LIBPATH:C:\Users\MrAnoimus\Desktop\SP4\SP4_FrameWork\lib lua5.1.lib libfreetype.lib freeglut.lib winmm.lib kernel32.lib user32.lib gdi32.lib winspool.lib comdlg32.lib advapi32.lib shell32.lib ole32.lib oleaut32.lib uuid.lib odbc32.lib odbccp32.lib /MANIFEST /ManifestFile:"C:\Users\MrAnoimus\Desktop\SP4\SP4_FrameWork\obj\Project.exe.intermediate.manifest" /MANIFESTUAC:"level='asInvoker' uiAccess='false'" /DEBUG /PDB:"C:\Users\MrAnoimus\Desktop\SP4\SP4_FrameWork\bin\Debug\Project.pdb" /TLBID:1 /DYNAMICBASE /NXCOMPAT /IMPLIB:"C:\Users\MrAnoimus\Desktop\SP4\SP4_FrameWork\bin\Debug\Project.lib" /MACHINE:X86 C:\Users\MrAnoimus\Desktop\SP4\SP4_FrameWork\obj\Project.exe.embed.manifest.res
         C:\Users\MrAnoimus\Desktop\SP4\SP4_FrameWork\obj\Camera.obj
         C:\Users\MrAnoimus\Desktop\SP4\SP4_FrameWork\obj\FreeType.obj
         C:\Users\MrAnoimus\Desktop\SP4\SP4_FrameWork\obj\GameStateManager.obj
         C:\Users\MrAnoimus\Desktop\SP4\SP4_FrameWork\obj\IntroState.obj
         C:\Users\MrAnoimus\Desktop\SP4\SP4_FrameWork\obj\main.obj
         C:\Users\MrAnoimus\Desktop\SP4\SP4_FrameWork\obj\PlayState.obj
       Manifest:
         C:\Program Files (x86)\Microsoft SDKs\Windows\v7.0A\bin\mt.exe /nologo /verbose /out:"C:\Users\MrAnoimus\Desktop\SP4\SP4_FrameWork\obj\Project.exe.embed.manifest" /manifest C:\Users\MrAnoimus\Desktop\SP4\SP4_FrameWork\obj\Project.exe.intermediate.manifest
         All outputs are up-to-date.
       LinkEmbedManifest:
         All outputs are up-to-date.
         Project.vcxproj -> C:\Users\MrAnoimus\Desktop\SP4\SP4_FrameWork\bin\Debug\Project.exe
       FinalizeBuildStatus:
         Deleting file "C:\Users\MrAnoimus\Desktop\SP4\SP4_FrameWork\obj\Project.unsuccessfulbuild".
         Touching "C:\Users\MrAnoimus\Desktop\SP4\SP4_FrameWork\obj\Project.lastbuildstate".
     1>Done Building Project "C:\Users\MrAnoimus\Desktop\SP4\SP4_FrameWork\Project\Project.vcxproj" (build target(s)).

Build succeeded.

Time Elapsed 00:00:01.28
