C:\Users\310\Desktop\studioproject4\bin\Debug\Project.exe
C:\Users\310\Desktop\studioproject4\bin\Debug\Project.ilk
C:\Users\310\Desktop\studioproject4\bin\Debug\Project.pdb
C:\USERS\310\DESKTOP\STUDIOPROJECT4\OBJ\CAMERA.OBJ
C:\USERS\310\DESKTOP\STUDIOPROJECT4\OBJ\CITIZEN.OBJ
C:\Users\310\Desktop\studioproject4\obj\cl.command.1.tlog
C:\Users\310\Desktop\studioproject4\obj\CL.read.1.tlog
C:\Users\310\Desktop\studioproject4\obj\CL.write.1.tlog
C:\USERS\310\DESKTOP\STUDIOPROJECT4\OBJ\FREETYPE.OBJ
C:\USERS\310\DESKTOP\STUDIOPROJECT4\OBJ\GAMESTATEMANAGER.OBJ
C:\USERS\310\DESKTOP\STUDIOPROJECT4\OBJ\INTROSTATE.OBJ
C:\Users\310\Desktop\studioproject4\obj\link.3272.read.1.tlog
C:\Users\310\Desktop\studioproject4\obj\link.3272.write.1.tlog
C:\Users\310\Desktop\studioproject4\obj\link.3272-cvtres.read.1.tlog
C:\Users\310\Desktop\studioproject4\obj\link.3272-cvtres.write.1.tlog
C:\Users\310\Desktop\studioproject4\obj\link.4692.read.1.tlog
C:\Users\310\Desktop\studioproject4\obj\link.4692.write.1.tlog
C:\Users\310\Desktop\studioproject4\obj\link.4692-cvtres.read.1.tlog
C:\Users\310\Desktop\studioproject4\obj\link.4692-cvtres.write.1.tlog
C:\Users\310\Desktop\studioproject4\obj\link.7216.read.1.tlog
C:\Users\310\Desktop\studioproject4\obj\link.7216.write.1.tlog
C:\Users\310\Desktop\studioproject4\obj\link.7216-cvtres.read.1.tlog
C:\Users\310\Desktop\studioproject4\obj\link.7216-cvtres.write.1.tlog
C:\Users\310\Desktop\studioproject4\obj\link.command.1.tlog
C:\Users\310\Desktop\studioproject4\obj\link.read.1.tlog
C:\Users\310\Desktop\studioproject4\obj\link.write.1.tlog
C:\Users\310\Desktop\studioproject4\obj\link-cvtres.read.1.tlog
C:\Users\310\Desktop\studioproject4\obj\link-cvtres.write.1.tlog
C:\USERS\310\DESKTOP\STUDIOPROJECT4\OBJ\LOADTGA.OBJ
C:\USERS\310\DESKTOP\STUDIOPROJECT4\OBJ\MAIN.OBJ
C:\Users\310\Desktop\studioproject4\obj\mt.command.1.tlog
C:\Users\310\Desktop\studioproject4\obj\mt.read.1.tlog
C:\Users\310\Desktop\studioproject4\obj\mt.write.1.tlog
C:\USERS\310\DESKTOP\STUDIOPROJECT4\OBJ\PLAYSTATE.OBJ
C:\Users\310\Desktop\studioproject4\obj\Project.exe.embed.manifest
C:\Users\310\Desktop\studioproject4\obj\Project.exe.intermediate.manifest
C:\Users\310\Desktop\studioproject4\obj\Project.vcxprojResolveAssemblyReference.cache
C:\Users\310\Desktop\studioproject4\obj\Project.write.1.tlog
C:\Users\310\Desktop\studioproject4\obj\Project_manifest.rc
C:\Users\310\Desktop\studioproject4\obj\rc.command.1.tlog
C:\Users\310\Desktop\studioproject4\obj\rc.read.1.tlog
C:\Users\310\Desktop\studioproject4\obj\rc.write.1.tlog
C:\USERS\310\DESKTOP\STUDIOPROJECT4\OBJ\RESULTSTATE.OBJ
C:\USERS\310\DESKTOP\STUDIOPROJECT4\OBJ\SETTINGSTATE.OBJ
C:\USERS\310\DESKTOP\STUDIOPROJECT4\OBJ\TILE.OBJ
C:\Users\310\Desktop\studioproject4\obj\vc100.idb
C:\USERS\310\DESKTOP\STUDIOPROJECT4\OBJ\VC100.PDB
C:\USERS\MRANOIMUS\DESKTOP\STUDIOPROJECT4\SP4_FRAMEWORK\BIN\DEBUG\PROJECT.EXE
C:\USERS\MRANOIMUS\DESKTOP\STUDIOPROJECT4\SP4_FRAMEWORK\BIN\DEBUG\PROJECT.ILK
C:\USERS\MRANOIMUS\DESKTOP\STUDIOPROJECT4\SP4_FRAMEWORK\BIN\DEBUG\PROJECT.PDB
C:\USERS\MRANOIMUS\DESKTOP\STUDIOPROJECT4\SP4_FRAMEWORK\OBJ\CAMERA.OBJ
C:\USERS\MRANOIMUS\DESKTOP\STUDIOPROJECT4\SP4_FRAMEWORK\OBJ\CITIZEN.OBJ
C:\USERS\MRANOIMUS\DESKTOP\STUDIOPROJECT4\SP4_FRAMEWORK\OBJ\FREETYPE.OBJ
C:\USERS\MRANOIMUS\DESKTOP\STUDIOPROJECT4\SP4_FRAMEWORK\OBJ\GAMESTATEMANAGER.OBJ
C:\USERS\MRANOIMUS\DESKTOP\STUDIOPROJECT4\SP4_FRAMEWORK\OBJ\INTROSTATE.OBJ
C:\USERS\MRANOIMUS\DESKTOP\STUDIOPROJECT4\SP4_FRAMEWORK\OBJ\LOADTGA.OBJ
C:\USERS\MRANOIMUS\DESKTOP\STUDIOPROJECT4\SP4_FRAMEWORK\OBJ\MAIN.OBJ
C:\USERS\MRANOIMUS\DESKTOP\STUDIOPROJECT4\SP4_FRAMEWORK\OBJ\PLAYSTATE.OBJ
C:\USERS\MRANOIMUS\DESKTOP\STUDIOPROJECT4\SP4_FRAMEWORK\OBJ\PROJECT.EXE.EMBED.MANIFEST
C:\USERS\MRANOIMUS\DESKTOP\STUDIOPROJECT4\SP4_FRAMEWORK\OBJ\PROJECT.EXE.EMBED.MANIFEST.RES
C:\USERS\MRANOIMUS\DESKTOP\STUDIOPROJECT4\SP4_FRAMEWORK\OBJ\PROJECT.EXE.INTERMEDIATE.MANIFEST
C:\USERS\MRANOIMUS\DESKTOP\STUDIOPROJECT4\SP4_FRAMEWORK\OBJ\RESULTSTATE.OBJ
C:\USERS\MRANOIMUS\DESKTOP\STUDIOPROJECT4\SP4_FRAMEWORK\OBJ\SETTINGSTATE.OBJ
C:\USERS\MRANOIMUS\DESKTOP\STUDIOPROJECT4\SP4_FRAMEWORK\OBJ\TILE.OBJ
C:\USERS\MRANOIMUS\DESKTOP\STUDIOPROJECT4\SP4_FRAMEWORK\OBJ\VC100.PDB
