C:\USERS\LOOSS\DESKTOP\SP4_FRAMEWORK\BIN\DEBUG\PROJECT.EXE
C:\USERS\LOOSS\DESKTOP\SP4_FRAMEWORK\BIN\DEBUG\PROJECT.ILK
C:\USERS\LOOSS\DESKTOP\SP4_FRAMEWORK\BIN\DEBUG\PROJECT.PDB
C:\USERS\LOOSS\DESKTOP\SP4_FRAMEWORK\OBJ\CAMERA.OBJ
C:\USERS\LOOSS\DESKTOP\SP4_FRAMEWORK\OBJ\FREETYPE.OBJ
C:\USERS\LOOSS\DESKTOP\SP4_FRAMEWORK\OBJ\GAMESTATEMANAGER.OBJ
C:\USERS\LOOSS\DESKTOP\SP4_FRAMEWORK\OBJ\INTROSTATE.OBJ
C:\USERS\LOOSS\DESKTOP\SP4_FRAMEWORK\OBJ\MAIN.OBJ
C:\USERS\LOOSS\DESKTOP\SP4_FRAMEWORK\OBJ\PLAYSTATE.OBJ
C:\USERS\LOOSS\DESKTOP\SP4_FRAMEWORK\OBJ\PROJECT.EXE.EMBED.MANIFEST
C:\USERS\LOOSS\DESKTOP\SP4_FRAMEWORK\OBJ\PROJECT.EXE.EMBED.MANIFEST.RES
C:\USERS\LOOSS\DESKTOP\SP4_FRAMEWORK\OBJ\PROJECT.EXE.INTERMEDIATE.MANIFEST
C:\USERS\LOOSS\DESKTOP\SP4_FRAMEWORK\OBJ\VC100.PDB
C:\Users\MrAnoimus\Desktop\SP4\SP4_FrameWork\bin\Debug\Project.exe
C:\Users\MrAnoimus\Desktop\SP4\SP4_FrameWork\bin\Debug\Project.ilk
C:\Users\MrAnoimus\Desktop\SP4\SP4_FrameWork\bin\Debug\Project.pdb
C:\USERS\MRANOIMUS\DESKTOP\SP4\SP4_FRAMEWORK\OBJ\CAMERA.OBJ
C:\Users\MrAnoimus\Desktop\SP4\SP4_FrameWork\obj\cl.command.1.tlog
C:\Users\MrAnoimus\Desktop\SP4\SP4_FrameWork\obj\CL.read.1.tlog
C:\Users\MrAnoimus\Desktop\SP4\SP4_FrameWork\obj\CL.write.1.tlog
C:\USERS\MRANOIMUS\DESKTOP\SP4\SP4_FRAMEWORK\OBJ\GAMESTATEMANAGER.OBJ
C:\USERS\MRANOIMUS\DESKTOP\SP4\SP4_FRAMEWORK\OBJ\INTROSTATE.OBJ
C:\Users\MrAnoimus\Desktop\SP4\SP4_FrameWork\obj\link.4692.read.1.tlog
C:\Users\MrAnoimus\Desktop\SP4\SP4_FrameWork\obj\link.4692.write.1.tlog
C:\Users\MrAnoimus\Desktop\SP4\SP4_FrameWork\obj\link.4692-cvtres.read.1.tlog
C:\Users\MrAnoimus\Desktop\SP4\SP4_FrameWork\obj\link.4692-cvtres.write.1.tlog
C:\Users\MrAnoimus\Desktop\SP4\SP4_FrameWork\obj\link.880.read.1.tlog
C:\Users\MrAnoimus\Desktop\SP4\SP4_FrameWork\obj\link.880.write.1.tlog
C:\Users\MrAnoimus\Desktop\SP4\SP4_FrameWork\obj\link.880-cvtres.read.1.tlog
C:\Users\MrAnoimus\Desktop\SP4\SP4_FrameWork\obj\link.880-cvtres.write.1.tlog
C:\Users\MrAnoimus\Desktop\SP4\SP4_FrameWork\obj\link.command.1.tlog
C:\Users\MrAnoimus\Desktop\SP4\SP4_FrameWork\obj\link.read.1.tlog
C:\Users\MrAnoimus\Desktop\SP4\SP4_FrameWork\obj\link.write.1.tlog
C:\Users\MrAnoimus\Desktop\SP4\SP4_FrameWork\obj\link-cvtres.read.1.tlog
C:\Users\MrAnoimus\Desktop\SP4\SP4_FrameWork\obj\link-cvtres.write.1.tlog
C:\USERS\MRANOIMUS\DESKTOP\SP4\SP4_FRAMEWORK\OBJ\MAIN.OBJ
C:\Users\MrAnoimus\Desktop\SP4\SP4_FrameWork\obj\mt.command.1.tlog
C:\Users\MrAnoimus\Desktop\SP4\SP4_FrameWork\obj\mt.read.1.tlog
C:\Users\MrAnoimus\Desktop\SP4\SP4_FrameWork\obj\mt.write.1.tlog
C:\USERS\MRANOIMUS\DESKTOP\SP4\SP4_FRAMEWORK\OBJ\PLAYSTATE.OBJ
C:\Users\MrAnoimus\Desktop\SP4\SP4_FrameWork\obj\Project.exe.embed.manifest
C:\Users\MrAnoimus\Desktop\SP4\SP4_FrameWork\obj\Project.exe.embed.manifest.res
C:\Users\MrAnoimus\Desktop\SP4\SP4_FrameWork\obj\Project.exe.intermediate.manifest
C:\Users\MrAnoimus\Desktop\SP4\SP4_FrameWork\obj\Project.vcxprojResolveAssemblyReference.cache
C:\Users\MrAnoimus\Desktop\SP4\SP4_FrameWork\obj\Project.write.1.tlog
C:\Users\MrAnoimus\Desktop\SP4\SP4_FrameWork\obj\Project_manifest.rc
C:\Users\MrAnoimus\Desktop\SP4\SP4_FrameWork\obj\rc.command.1.tlog
C:\Users\MrAnoimus\Desktop\SP4\SP4_FrameWork\obj\rc.read.1.tlog
C:\Users\MrAnoimus\Desktop\SP4\SP4_FrameWork\obj\rc.write.1.tlog
C:\Users\MrAnoimus\Desktop\SP4\SP4_FrameWork\obj\vc100.idb
C:\USERS\MRANOIMUS\DESKTOP\SP4\SP4_FRAMEWORK\OBJ\VC100.PDB
C:\Users\MrAnoimus\Desktop\SP4\SP4_FrameWork\obj\vc120.idb
C:\Users\MrAnoimus\Desktop\SP4\SP4_FrameWork\obj\vc120.pdb
